2023-11-16 11:52:36.804 [info] Reading sessions from keychain...
2023-11-16 11:52:36.804 [info] Getting sessions for all scopes...
2023-11-16 11:52:36.804 [info] Got 0 sessions for ...
2023-11-16 11:52:36.805 [info] Getting sessions for read:user,repo,user:email,workflow...
2023-11-16 11:52:36.805 [info] Got 0 sessions for read:user,repo,user:email,workflow...
2023-11-16 11:52:36.807 [info] Getting sessions for all scopes...
2023-11-16 11:52:36.807 [info] Got 0 sessions for ...
2023-11-16 11:52:38.099 [info] Logging in for the following scopes: read:user repo user:email workflow
2023-11-16 11:52:38.107 [info] Trying without local server... (read:user repo user:email workflow)
2023-11-16 11:52:53.326 [info] Exchanging code for token...
2023-11-16 11:52:53.716 [info] Token exchange success!
2023-11-16 11:52:53.721 [info] Getting user info...
2023-11-16 11:52:55.138 [info] Got account info!
2023-11-16 11:52:55.140 [info] Storing 1 sessions...
2023-11-16 11:52:59.404 [info] Reading sessions from keychain...
2023-11-16 11:52:59.404 [info] Stored 1 sessions!
2023-11-16 11:52:59.404 [info] Login success!
2023-11-16 11:52:59.404 [info] Got stored sessions!
2023-11-16 11:52:59.405 [info] Got 1 verified sessions.
2023-11-16 11:53:16.093 [info] Getting sessions for read:user,repo,user:email,workflow...
2023-11-16 11:53:16.093 [info] Got 1 sessions for read:user,repo,user:email,workflow...
2023-11-16 11:53:20.214 [info] Reading sessions from keychain...
2023-11-16 11:53:20.214 [info] Getting sessions for all scopes...
2023-11-16 11:53:20.214 [info] Got 0 sessions for ...
2023-11-16 11:53:20.214 [info] Getting sessions for read:user,repo,user:email,workflow...
2023-11-16 11:53:20.214 [info] Got 0 sessions for read:user,repo,user:email,workflow...
2023-11-16 11:53:20.215 [info] Getting sessions for all scopes...
2023-11-16 11:53:20.215 [info] Got 0 sessions for ...
